SF:lib/models/habit.dart
DA:22,1
DA:32,1
DA:33,1
DA:34,1
DA:35,4
DA:36,4
DA:37,1
DA:38,5
DA:39,2
DA:43,1
DA:44,1
DA:46,1
DA:47,1
DA:48,6
DA:50,1
DA:51,6
DA:53,1
DA:54,1
DA:55,3
DA:56,1
DA:57,2
DA:61,1
DA:67,1
DA:68,1
DA:69,0
DA:70,1
DA:71,0
DA:72,1
DA:73,1
DA:74,1
LF:30
LH:28
end_of_record
SF:lib/models/timeline_entry.dart
DA:14,1
DA:26,1
DA:27,1
DA:28,1
DA:29,13
DA:30,2
DA:31,2
DA:32,2
DA:33,1
DA:34,1
DA:35,1
DA:36,1
DA:40,1
DA:41,1
DA:42,1
DA:43,1
DA:44,1
DA:45,1
DA:46,7
DA:48,0
DA:51,1
DA:52,1
DA:53,1
DA:54,2
DA:55,2
DA:56,2
DA:57,1
DA:58,1
DA:59,1
DA:60,1
LF:30
LH:29
end_of_record
SF:lib/utils/activities.dart
DA:24,2
DA:25,2
DA:26,2
LF:3
LH:3
end_of_record
SF:lib/utils/categories.dart
DA:24,1
DA:25,1
DA:26,1
LF:3
LH:3
end_of_record
SF:lib/screens/home_screen.dart
DA:5,1
DA:7,1
DA:9,1
DA:10,1
DA:12,1
DA:13,1
DA:15,0
DA:16,0
DA:21,1
DA:22,1
DA:24,1
DA:25,1
DA:26,1
DA:27,1
DA:32,1
DA:33,1
DA:34,1
DA:39,1
DA:40,1
DA:41,1
LF:20
LH:18
end_of_record
SF:lib/widgets/calendar_strip.dart
DA:8,1
DA:14,1
DA:15,1
DA:22,1
DA:24,1
DA:25,2
DA:26,1
DA:28,3
DA:29,3
DA:33,3
DA:34,3
DA:35,3
DA:36,3
DA:37,3
DA:38,2
DA:39,2
DA:40,1
DA:48,0
DA:50,0
DA:51,0
DA:54,1
DA:56,1
DA:58,1
DA:61,1
DA:62,1
DA:64,2
DA:65,1
DA:66,2
DA:67,5
DA:68,5
DA:69,5
DA:70,3
DA:71,3
DA:72,3
DA:74,1
DA:75,0
DA:76,1
DA:79,1
DA:81,3
DA:83,0
DA:85,1
DA:86,1
DA:88,3
DA:89,3
DA:92,1
DA:94,1
DA:96,1
DA:97,1
DA:98,2
DA:99,1
DA:101,3
DA:106,1
DA:107,2
DA:108,1
DA:112,3
DA:117,1
DA:118,2
DA:119,1
DA:121,3
LF:59
LH:54
end_of_record
SF:lib/widgets/activity_picker.dart
DA:8,1
DA:13,1
DA:14,2
DA:16,1
DA:22,1
DA:23,1
DA:35,1
DA:40,1
DA:41,1
DA:48,1
DA:50,1
DA:51,2
DA:52,4
DA:55,1
DA:57,2
DA:58,1
DA:61,0
DA:62,0
DA:63,0
DA:64,0
DA:65,0
DA:66,0
DA:70,1
DA:72,4
DA:73,1
DA:74,1
DA:76,1
DA:78,1
DA:80,1
DA:81,3
DA:84,0
DA:87,0
DA:88,0
DA:89,0
DA:90,0
DA:92,0
DA:96,1
DA:97,1
DA:104,1
DA:106,1
DA:107,1
DA:108,2
DA:110,1
DA:111,2
DA:112,1
DA:113,2
DA:114,2
DA:115,1
DA:116,1
DA:117,2
LF:50
LH:38
end_of_record
